2021-11-24 15:51:20.037 [main] INFO  o.s.c.s.PostProcessorRegistrationDelegate$BeanPostProcessorChecker - Bean 'org.springframework.cloud.autoconfigure.ConfigurationPropertiesRebinderAutoConfiguration' of type [org.springframework.cloud.autoconfigure.ConfigurationPropertiesRebinderAutoConfiguration$$EnhancerBySpringCGLIB$$a4155477] is not eligible for getting processed by all BeanPostProcessors (for example: not eligible for auto-proxying)
2021-11-24 15:51:20.242 [main] WARN  c.a.cloud.nacos.client.NacosPropertySourceBuilder - Ignore the empty nacos configuration and get it based on dataId[sample-cloud-service-order.yml] & group[DEFAULT_GROUP]
2021-11-24 15:51:20.254 [main] WARN  c.a.cloud.nacos.client.NacosPropertySourceBuilder - Ignore the empty nacos configuration and get it based on dataId[common.yml] & group[DEFAULT_GROUP]
2021-11-24 15:51:20.286 [main] INFO  c.a.cloud.nacos.client.NacosPropertySourceBuilder - Loading nacos data, dataId: 'sample-cloud-service-order', group: 'DEFAULT_GROUP', data: test: 111
2021-11-24 15:51:20.382 [main] WARN  c.a.cloud.nacos.client.NacosPropertySourceBuilder - Ignore the empty nacos configuration and get it based on dataId[sample-cloud-service-order.yml] & group[DEFAULT_GROUP]
2021-11-24 15:51:20.390 [main] WARN  c.a.cloud.nacos.client.NacosPropertySourceBuilder - Ignore the empty nacos configuration and get it based on dataId[sample-cloud-service-order-dev.yml] & group[DEFAULT_GROUP]
2021-11-24 15:51:20.390 [main] INFO  o.s.c.b.c.PropertySourceBootstrapConfiguration - Located property source: CompositePropertySource {name='NACOS', propertySources=[NacosPropertySource {name='sample-cloud-service-order-dev.yml'}, NacosPropertySource {name='sample-cloud-service-order.yml'}, NacosPropertySource {name='sample-cloud-service-order'}, NacosPropertySource {name='common.yml'}]}
2021-11-24 15:51:20.393 [main] INFO  sample.cloud.order.web.ServiceOrderApplication - The following profiles are active: dev
2021-11-24 15:51:20.642 [main] WARN  o.springframework.boot.actuate.endpoint.EndpointId - Endpoint ID 'nacos-config' contains invalid characters, please migrate to a valid format.
2021-11-24 15:51:20.643 [main] WARN  o.springframework.boot.actuate.endpoint.EndpointId - Endpoint ID 'nacos-discovery' contains invalid characters, please migrate to a valid format.
2021-11-24 15:51:20.730 [main] WARN  o.springframework.boot.actuate.endpoint.EndpointId - Endpoint ID 'service-registry' contains invalid characters, please migrate to a valid format.
2021-11-24 15:51:20.795 [main] INFO  o.springframework.cloud.context.scope.GenericScope - BeanFactory id=8d776f53-2f49-3ba3-a993-9608829d5e3d
2021-11-24 15:51:20.807 [main] INFO  o.s.c.s.PostProcessorRegistrationDelegate$BeanPostProcessorChecker - Bean 'sample.cloud.base.api.service.BaseDataClient' of type [org.springframework.cloud.openfeign.FeignClientFactoryBean] is not eligible for getting processed by all BeanPostProcessors (for example: not eligible for auto-proxying)
2021-11-24 15:51:20.840 [main] INFO  o.s.c.s.PostProcessorRegistrationDelegate$BeanPostProcessorChecker - Bean 'org.springframework.cloud.autoconfigure.ConfigurationPropertiesRebinderAutoConfiguration' of type [org.springframework.cloud.autoconfigure.ConfigurationPropertiesRebinderAutoConfiguration$$EnhancerBySpringCGLIB$$a4155477] is not eligible for getting processed by all BeanPostProcessors (for example: not eligible for auto-proxying)
2021-11-24 15:51:20.908 [main] WARN  io.undertow.websockets.jsr - UT026010: Buffer pool was not set on WebSocketDeploymentInfo, the default pool will be used
2021-11-24 15:51:20.919 [main] INFO  io.undertow.servlet - Initializing Spring embedded WebApplicationContext
2021-11-24 15:51:20.919 [main] INFO  org.springframework.web.context.ContextLoader - Root WebApplicationContext: initialization completed in 519 ms
2021-11-24 15:51:21.232 [main] INFO  s.cloud.core.ribbon.config.RibbonConfiguration - 随机负载均衡
2021-11-24 15:51:21.237 [main] WARN  com.netflix.config.sources.URLConfigurationSource - No URLs will be polled as dynamic configuration sources.
2021-11-24 15:51:21.237 [main] INFO  com.netflix.config.sources.URLConfigurationSource - To enable URLs as dynamic configuration sources, define System property archaius.configurationSource.additionalUrls or make config.properties available on classpath.
2021-11-24 15:51:21.238 [main] WARN  com.netflix.config.sources.URLConfigurationSource - No URLs will be polled as dynamic configuration sources.
2021-11-24 15:51:21.238 [main] INFO  com.netflix.config.sources.URLConfigurationSource - To enable URLs as dynamic configuration sources, define System property archaius.configurationSource.additionalUrls or make config.properties available on classpath.
2021-11-24 15:51:21.294 [main] INFO  o.s.scheduling.concurrent.ThreadPoolTaskExecutor - Initializing ExecutorService 'applicationTaskExecutor'
2021-11-24 15:51:21.342 [main] INFO  o.s.scheduling.concurrent.ThreadPoolTaskScheduler - Initializing ExecutorService
2021-11-24 15:51:21.426 [main] INFO  o.s.b.actuate.endpoint.web.EndpointLinksResolver - Exposing 2 endpoint(s) beneath base path '/actuator'
2021-11-24 15:51:21.478 [main] INFO  io.undertow - starting server: Undertow - 2.0.28.Final
2021-11-24 15:51:21.481 [main] INFO  org.xnio - XNIO version 3.3.8.Final
2021-11-24 15:51:21.485 [main] INFO  org.xnio.nio - XNIO NIO Implementation Version 3.3.8.Final
2021-11-24 15:51:21.518 [main] INFO  o.s.b.w.embedded.undertow.UndertowServletWebServer - Undertow started on port(s) 3001 (http) with context path '/service-order'
2021-11-24 15:51:21.614 [main] INFO  c.a.cloud.nacos.registry.NacosServiceRegistry - nacos registry, DEFAULT_GROUP sample-cloud-service-order 192.168.0.21:3001 register finished
2021-11-24 15:51:21.617 [main] INFO  sample.cloud.order.web.ServiceOrderApplication - Started ServiceOrderApplication in 1.944 seconds (JVM running for 2.472)
2021-11-24 15:51:21.704 [RMI TCP Connection(2)-127.0.0.1] INFO  io.undertow.servlet - Initializing Spring DispatcherServlet 'dispatcherServlet'
2021-11-24 15:51:21.705 [RMI TCP Connection(2)-127.0.0.1] INFO  org.springframework.web.servlet.DispatcherServlet - Initializing Servlet 'dispatcherServlet'
2021-11-24 15:51:21.709 [RMI TCP Connection(2)-127.0.0.1] INFO  org.springframework.web.servlet.DispatcherServlet - Completed initialization in 4 ms
2021-11-24 15:52:01.641 [hystrix-sample-cloud-service-base-1] INFO  com.netflix.loadbalancer.BaseLoadBalancer - Client: sample-cloud-service-base instantiated a LoadBalancer: DynamicServerListLoadBalancer:{NFLoadBalancer:name=sample-cloud-service-base,current list of Servers=[],Load balancer stats=Zone stats: {},Server stats: []}ServerList:null
2021-11-24 15:52:01.643 [hystrix-sample-cloud-service-base-1] INFO  c.n.loadbalancer.DynamicServerListLoadBalancer - Using serverListUpdater PollingServerListUpdater
2021-11-24 15:52:01.681 [hystrix-sample-cloud-service-base-1] INFO  c.n.loadbalancer.DynamicServerListLoadBalancer - DynamicServerListLoadBalancer for client sample-cloud-service-base initialized: DynamicServerListLoadBalancer:{NFLoadBalancer:name=sample-cloud-service-base,current list of Servers=[],Load balancer stats=Zone stats: {},Server stats: []}ServerList:com.alibaba.cloud.nacos.ribbon.NacosServerList@7828878c
2021-11-24 23:34:53.307 [Thread-28] INFO  com.netflix.loadbalancer.PollingServerListUpdater - Shutting down the Executor Pool for PollingServerListUpdater
2021-11-24 23:34:53.312 [Thread-12] INFO  c.a.cloud.nacos.registry.NacosServiceRegistry - De-registering from Nacos Server now...
2021-11-24 23:34:53.324 [Thread-12] INFO  c.a.cloud.nacos.registry.NacosServiceRegistry - De-registration finished.
2021-11-24 23:34:53.329 [Thread-12] INFO  o.s.scheduling.concurrent.ThreadPoolTaskExecutor - Shutting down ExecutorService 'applicationTaskExecutor'
2021-11-24 23:34:53.337 [Thread-12] INFO  io.undertow.servlet - Destroying Spring FrameworkServlet 'dispatcherServlet'
2021-11-24 23:34:53.338 [Thread-12] INFO  io.undertow - stopping server: Undertow - 2.0.28.Final
